<?xml version="1.0" encoding="UTF-8"?>
<testng-results ignored="0" total="1" passed="1" failed="0" skipped="0">
  <reporter-output>
  </reporter-output>
  <suite started-at="2022-04-04T19:36:32Z" name="Default suite" finished-at="2022-04-04T19:36:36Z" duration-ms="3806">
    <groups>
    </groups>
    <test started-at="2022-04-04T19:36:32Z" name="Default test" finished-at="2022-04-04T19:36:36Z" duration-ms="3806">
      <class name="test.AddCustomerTest">
        <test-method signature="validUserShouldBeAbleToCreateCustomer()[pri:0, instance:test.AddCustomerTest@6337c201]" started-at="2022-04-04T19:36:32Z" name="validUserShouldBeAbleToCreateCustomer" finished-at="2022-04-04T19:36:36Z" duration-ms="3787" status="PASS">
          <reporter-output>
          </reporter-output>
        </test-method> <!-- validUserShouldBeAbleToCreateCustomer -->
      </class> <!-- test.AddCustomerTest -->
    </test> <!-- Default test -->
  </suite> <!-- Default suite -->
</testng-results>
